[Errno 2] No such file or directory: '/home/mankulka/development/linchpin/restylinchpin/restylinchpin/app./folder/test5'
[Errno 2] No such file or directory: '/home/mankulka/development/linchpin/restylinchpin/restylinchpin/app./folder/test6'
[Errno 2] No such file or directory: '/home/mankulka/development/linchpin/restylinchpin/restylinchpin/app/./folder/test6'
[Errno 2] No such file or directory: './folder/test6'
[Errno 2] No such file or directory: '././folder/test6'
[Errno 2] No such file or directory: './folder/test6'
[Errno 2] No such file or directory: './folder/'
[Errno 2] No such file or directory: '/home/mankulka/development/linchpin/restylinchpin/restylinchpin/app/./folder/test6'
[Errno 2] No such file or directory: '/home/mankulka/development/linchpin/restylinchpin/restylinchpin/app/./folder/test7'
[Errno 2] No such file or directory: '/home/mankulka/development/linchpin/restylinchpin/restylinchpin/app/./folder/test8'
[Errno 2] No such file or directory: '/home/mankulka/development/linchpin/restylinchpin/restylinchpin/app/./folder/test8'
[Errno 2] No such file or directory: '/home/mankulka/development/linchpin/restylinchpin/restylinchpin/app/./folder/test8'
[Errno 2] No such file or directory: '/home/mankulka/development/linchpin/restylinchpin/restylinchpin/app/./folder/test8'
[Errno 2] No such file or directory: '/home/mankulka/development/linchpin/restylinchpin/restylinchpin/app/./folder/test8'
[Errno 2] No such file or directory: '././folder/test8'
[Errno 2] No such file or directory: './folder/test8'
[Errno 2] No such file or directory: '/home/mankulka/development/linchpin/restylinchpin/restylinchpin/app./folder/test8'
[Errno 2] No such file or directory: '/home/mankulka/development/linchpin/restylinchpin/restylinchpin/app/./folder/test8'
[Errno 2] No such file or directory: '/home/mankulka/development/linchpin/restylinchpin/restylinchpin/app/./test8'
[Errno 2] No such file or directory: '/home/mankulka/development/linchpin/restylinchpin/restylinchpin/app//test8'
[Errno 2] No such file or directory: '/home/mankulka/development/linchpin/restylinchpin/restylinchpin/app/test9'
[Errno 2] No such file or directory: '/home/mankulka/development/linchpin/restylinchpin/restylinchpin/app/test9'
extend() takes exactly one argument (2 given)
[Errno 2] No such file or directory: '/home/mankulka/development/linchpin/restylinchpin/restylinchpin/app/ /test01'
[Errno 2] No such file or directory: '/home/mankulka/development/linchpin/restylinchpin/restylinchpin/app/ /test11'
[Errno 2] No such file or directory: '/home/mankulka/development/linchpin/restylinchpin/restylinchpin/app/ /test11'
[Errno 2] No such file or directory: '/home/mankulka/development/linchpin/restylinchpin/restylinchpin/app/test11'
[Errno 2] No such file or directory: '/home/mankulka/development/linchpin/restylinchpin/restylinchpin/app/test11'
[Errno 2] No such file or directory: '/home/mankulka/development/linchpin/restylinchpin/restylinchpin/app/test11'
[Errno 2] No such file or directory: '/home/mankulka/development/linchpin/restylinchpin/restylinchpin/app/test11'
can only concatenate str (not "NoneType") to str
can only concatenate str (not "NoneType") to str
[Errno 2] No such file or directory: './test11'
[Errno 2] No such file or directory: '../test1'
[Errno 2] No such file or directory: '/home/mankulka/development/linchpin/restylinchpin/restylinchpin/app/../test1'
[Errno 2] No such file or directory: '/home/mankulka/development/linchpin/restylinchpin/restylinchpin/app/test1'
[Errno 2] No such file or directory: '/home/mankulka/development/linchpin/restylinchpin/restylinchpin/app/test1'
[Errno 2] No such file or directory: '/home/mankulka/development/linchpin/restylinchpin/restylinchpin/app/test1'
[Errno 2] No such file or directory: '/home/mankulka/development/linchpin/restylinchpin/restylinchpin/app/ / test1'
